<?xml version="1.0" encoding="UTF-8"?>
<testsuite name="teaching.ApplicationTests" tests="3" skipped="0" failures="0" errors="0" timestamp="2019-11-06T14:23:43" hostname="LAPTOP-4477TTTQ" time="0.972">
  <properties/>
  <testcase name="accessUnsecuredResourceThenOk" classname="teaching.ApplicationTests" time="0.656"/>
  <testcase name="loginWithInvalidUserThenUnauthenticated" classname="teaching.ApplicationTests" time="0.215"/>
  <testcase name="loginWithValidUserThenAuthenticated" classname="teaching.ApplicationTests" time="0.099"/>
  <system-out><![CDATA[09:23:33.913 [Test worker] DEBUG org.springframework.test.context.junit4.SpringJUnit4ClassRunner - SpringJUnit4ClassRunner constructor called with [class teaching.ApplicationTests]
09:23:33.925 [Test worker] DEBUG org.springframework.test.context.BootstrapUtils - Instantiating CacheAwareContextLoaderDelegate from class [org.springframework.test.context.cache.DefaultCacheAwareContextLoaderDelegate]
09:23:33.936 [Test worker] DEBUG org.springframework.test.context.BootstrapUtils - Instantiating BootstrapContext using constructor [public org.springframework.test.context.support.DefaultBootstrapContext(java.lang.Class,org.springframework.test.context.CacheAwareContextLoaderDelegate)]
09:23:33.975 [Test worker] DEBUG org.springframework.test.context.BootstrapUtils - Instantiating TestContextBootstrapper for test class [teaching.ApplicationTests] from class [org.springframework.boot.test.context.SpringBootTestContextBootstrapper]
09:23:33.990 [Test worker] INFO org.springframework.boot.test.context.SpringBootTestContextBootstrapper - Neither @ContextConfiguration nor @ContextHierarchy found for test class [teaching.ApplicationTests], using SpringBootContextLoader
09:23:33.993 [Test worker] DEBUG org.springframework.test.context.support.AbstractContextLoader - Did not detect default resource location for test class [teaching.ApplicationTests]: class path resource [teaching/ApplicationTests-context.xml] does not exist
09:23:33.994 [Test worker] DEBUG org.springframework.test.context.support.AbstractContextLoader - Did not detect default resource location for test class [teaching.ApplicationTests]: class path resource [teaching/ApplicationTestsContext.groovy] does not exist
09:23:33.994 [Test worker] INFO org.springframework.test.context.support.AbstractContextLoader - Could not detect default resource locations for test class [teaching.ApplicationTests]: no resource found for suffixes {-context.xml, Context.groovy}.
09:23:33.995 [Test worker] INFO org.springframework.test.context.support.AnnotationConfigContextLoaderUtils - Could not detect default configuration classes for test class [teaching.ApplicationTests]: ApplicationTests does not declare any static, non-private, non-final, nested classes annotated with @Configuration.
09:23:34.062 [Test worker] DEBUG org.springframework.test.context.support.ActiveProfilesUtils - Could not find an 'annotation declaring class' for annotation type [org.springframework.test.context.ActiveProfiles] and class [teaching.ApplicationTests]
09:23:34.145 [Test worker] DEBUG org.springframework.context.annotation.ClassPathScanningCandidateComponentProvider - Identified candidate component class: file [C:\Users\Anthony\Desktop\teaching-app\build\classes\java\main\teaching\Application.class]
09:23:34.155 [Test worker] INFO org.springframework.boot.test.context.SpringBootTestContextBootstrapper - Found @SpringBootConfiguration teaching.Application for test class teaching.ApplicationTests
09:23:34.254 [Test worker] DEBUG org.springframework.boot.test.context.SpringBootTestContextBootstrapper - @TestExecutionListeners is not present for class [teaching.ApplicationTests]: using defaults.
09:23:34.254 [Test worker] INFO org.springframework.boot.test.context.SpringBootTestContextBootstrapper - Loaded default TestExecutionListener class names from location [META-INF/spring.factories]: [org.springframework.security.test.context.support.WithSecurityContextTestExecutionListener, org.springframework.security.test.context.support.ReactorContextTestExecutionListener, org.springframework.boot.test.autoconfigure.restdocs.RestDocsTestExecutionListener, org.springframework.boot.test.autoconfigure.web.client.MockRestServiceServerResetTestExecutionListener, org.springframework.boot.test.autoconfigure.web.servlet.MockMvcPrintOnlyOnFailureTestExecutionListener, org.springframework.boot.test.autoconfigure.web.servlet.WebDriverTestExecutionListener, org.springframework.boot.test.mock.mockito.MockitoTestExecutionListener, org.springframework.boot.test.mock.mockito.ResetMocksTestExecutionListener, org.springframework.test.context.web.ServletTestExecutionListener, org.springframework.test.context.support.DirtiesContextBeforeModesTestExecutionListener, org.springframework.test.context.support.DependencyInjectionTestExecutionListener, org.springframework.test.context.support.DirtiesContextTestExecutionListener, org.springframework.test.context.transaction.TransactionalTestExecutionListener, org.springframework.test.context.jdbc.SqlScriptsTestExecutionListener]
09:23:34.279 [Test worker] INFO org.springframework.boot.test.context.SpringBootTestContextBootstrapper - Using TestExecutionListeners: [org.springframework.test.context.web.ServletTestExecutionListener@7794adaa, org.springframework.test.context.support.DirtiesContextBeforeModesTestExecutionListener@588a9e34, org.springframework.boot.test.mock.mockito.MockitoTestExecutionListener@68bdac48, org.springframework.boot.test.autoconfigure.SpringBootDependencyInjectionTestExecutionListener@17877877, org.springframework.test.context.support.DirtiesContextTestExecutionListener@45ac7ed0, org.springframework.test.context.transaction.TransactionalTestExecutionListener@495b236f, org.springframework.test.context.jdbc.SqlScriptsTestExecutionListener@4c0119e0, org.springframework.security.test.context.support.WithSecurityContextTestExecutionListener@606984d7, org.springframework.security.test.context.support.ReactorContextTestExecutionListener@46953cf4, org.springframework.boot.test.autoconfigure.restdocs.RestDocsTestExecutionListener@56452f12, org.springframework.boot.test.autoconfigure.web.client.MockRestServiceServerResetTestExecutionListener@124fe223, org.springframework.boot.test.autoconfigure.web.servlet.MockMvcPrintOnlyOnFailureTestExecutionListener@3eac9381, org.springframework.boot.test.autoconfigure.web.servlet.WebDriverTestExecutionListener@51316a3c, org.springframework.boot.test.mock.mockito.ResetMocksTestExecutionListener@2ef3e2b7]
09:23:34.281 [Test worker] DEBUG org.springframework.test.annotation.ProfileValueUtils - Retrieved @ProfileValueSourceConfiguration [null] for test class [teaching.ApplicationTests]
09:23:34.282 [Test worker] DEBUG org.springframework.test.annotation.ProfileValueUtils - Retrieved ProfileValueSource type [class org.springframework.test.annotation.SystemProfileValueSource] for class [teaching.ApplicationTests]
09:23:34.282 [Test worker] DEBUG org.springframework.test.annotation.ProfileValueUtils - Retrieved @ProfileValueSourceConfiguration [null] for test class [teaching.ApplicationTests]
09:23:34.283 [Test worker] DEBUG org.springframework.test.annotation.ProfileValueUtils - Retrieved ProfileValueSource type [class org.springframework.test.annotation.SystemProfileValueSource] for class [teaching.ApplicationTests]
09:23:34.288 [Test worker] DEBUG org.springframework.test.context.support.AbstractDirtiesContextTestExecutionListener - Before test class: context [DefaultTestContext@540faf6a testClass = ApplicationTests, testInstance = [null], testMethod = [null], testException = [null], mergedContextConfiguration = [WebMergedContextConfiguration@31a7d988 testClass = ApplicationTests, locations = '{}', classes = '{class teaching.Application}', contextInitializerClasses = '[]', activeProfiles = '{}', propertySourceLocations = '{}', propertySourceProperties = '{org.springframework.boot.test.context.SpringBootTestContextBootstrapper=true}', contextCustomizers = set[org.springframework.boot.test.autoconfigure.properties.PropertyMappingContextCustomizer@e7e8512, org.springframework.boot.test.autoconfigure.web.servlet.WebDriverContextCustomizerFactory$Customizer@4b889d46, [ImportsContextCustomizer@46b834b1 key = [org.springframework.boot.test.autoconfigure.web.servlet.MockMvcAutoConfiguration, org.springframework.boot.test.autoconfigure.web.servlet.MockMvcSecurityAutoConfiguration, org.springframework.boot.test.autoconfigure.web.servlet.MockMvcWebClientAutoConfiguration, org.springframework.boot.test.autoconfigure.web.servlet.MockMvcWebDriverAutoConfiguration]], org.springframework.boot.test.context.filter.ExcludeFilterContextCustomizer@54bfaaa8, org.springframework.boot.test.json.DuplicateJsonObjectContextCustomizerFactory$DuplicateJsonObjectContextCustomizer@c2e2047, org.springframework.boot.test.mock.mockito.MockitoContextCustomizer@0, org.springframework.boot.test.web.client.TestRestTemplateContextCustomizer@36bbf878], resourceBasePath = 'src/main/webapp', contextLoader = 'org.springframework.boot.test.context.SpringBootContextLoader', parent = [null]], attributes = map['org.springframework.test.context.web.ServletTestExecutionListener.activateListener' -> true]], class annotated with @DirtiesContext [false] with mode [null].
09:23:34.289 [Test worker] DEBUG org.springframework.test.annotation.ProfileValueUtils - Retrieved @ProfileValueSourceConfiguration [null] for test class [teaching.ApplicationTests]
09:23:34.289 [Test worker] DEBUG org.springframework.test.annotation.ProfileValueUtils - Retrieved ProfileValueSource type [class org.springframework.test.annotation.SystemProfileValueSource] for class [teaching.ApplicationTests]
09:23:34.318 [Test worker] DEBUG org.springframework.test.context.support.TestPropertySourceUtils - Adding inlined properties to environment: {spring.jmx.enabled=false, org.springframework.boot.test.context.SpringBootTestContextBootstrapper=true, server.port=-1}

  .   ____          _            __ _ _
 /\\ / ___'_ __ _ _(_)_ __  __ _ \ \ \ \
( ( )\___ | '_ | '_| | '_ \/ _` | \ \ \ \
 \\/  ___)| |_)| | | | | || (_| |  ) ) ) )
  '  |____| .__|_| |_|_| |_\__, | / / / /
 =========|_|==============|___/=/_/_/_/
 :: Spring Boot ::        (v2.1.6.RELEASE)

2019-11-06 09:23:34.617  INFO 20032 --- [    Test worker] teaching.ApplicationTests                : Starting ApplicationTests on LAPTOP-4477TTTQ with PID 20032 (started by Anthony in C:\Users\Anthony\Desktop\teaching-app)
2019-11-06 09:23:34.619  INFO 20032 --- [    Test worker] teaching.ApplicationTests                : No active profile set, falling back to default profiles: default
2019-11-06 09:23:35.950  INFO 20032 --- [    Test worker] .s.d.r.c.RepositoryConfigurationDelegate : Bootstrapping Spring Data repositories in DEFAULT mode.
2019-11-06 09:23:36.075  INFO 20032 --- [    Test worker] .s.d.r.c.RepositoryConfigurationDelegate : Finished Spring Data repository scanning in 109ms. Found 3 repository interfaces.
2019-11-06 09:23:36.785  INFO 20032 --- [    Test worker] trationDelegate$BeanPostProcessorChecker : Bean 'org.springframework.transaction.annotation.ProxyTransactionManagementConfiguration' of type [org.springframework.transaction.annotation.ProxyTransactionManagementConfiguration$$EnhancerBySpringCGLIB$$cca6c65d] is not eligible for getting processed by all BeanPostProcessors (for example: not eligible for auto-proxying)
2019-11-06 09:23:37.334  INFO 20032 --- [    Test worker] com.zaxxer.hikari.HikariDataSource       : HikariPool-1 - Starting...
2019-11-06 09:23:38.013  INFO 20032 --- [    Test worker] com.zaxxer.hikari.HikariDataSource       : HikariPool-1 - Start completed.
2019-11-06 09:23:38.106  INFO 20032 --- [    Test worker] o.hibernate.jpa.internal.util.LogHelper  : HHH000204: Processing PersistenceUnitInfo [
	name: default
	...]
2019-11-06 09:23:38.252  INFO 20032 --- [    Test worker] org.hibernate.Version                    : HHH000412: Hibernate Core {5.3.10.Final}
2019-11-06 09:23:38.255  INFO 20032 --- [    Test worker] org.hibernate.cfg.Environment            : HHH000206: hibernate.properties not found
2019-11-06 09:23:38.483  INFO 20032 --- [    Test worker] o.hibernate.annotations.common.Version   : HCANN000001: Hibernate Commons Annotations {5.0.4.Final}
2019-11-06 09:23:38.705  INFO 20032 --- [    Test worker] org.hibernate.dialect.Dialect            : HHH000400: Using dialect: org.hibernate.dialect.MySQL5Dialect
2019-11-06 09:23:39.539  INFO 20032 --- [    Test worker] j.LocalContainerEntityManagerFactoryBean : Initialized JPA EntityManagerFactory for persistence unit 'default'
2019-11-06 09:23:40.561  WARN 20032 --- [    Test worker] o.s.security.core.userdetails.User       : User.withDefaultPasswordEncoder() is considered unsafe for production and is only intended for sample applications.
2019-11-06 09:23:41.251  INFO 20032 --- [    Test worker] o.s.s.web.DefaultSecurityFilterChain     : Creating filter chain: any request, [org.springframework.security.web.context.request.async.WebAsyncManagerIntegrationFilter@1debada3, org.springframework.security.web.context.SecurityContextPersistenceFilter@3a46d9b9, org.springframework.security.web.header.HeaderWriterFilter@4974999b, org.springframework.security.web.csrf.CsrfFilter@68a6a69e, org.springframework.security.web.authentication.logout.LogoutFilter@55486b3e, org.springframework.security.web.authentication.UsernamePasswordAuthenticationFilter@6d7a40b3, org.springframework.security.web.savedrequest.RequestCacheAwareFilter@44e8a021, org.springframework.security.web.servletapi.SecurityContextHolderAwareRequestFilter@60eaedf7, org.springframework.security.web.authentication.AnonymousAuthenticationFilter@6a0b3a18, org.springframework.security.web.session.SessionManagementFilter@7166f70b, org.springframework.security.web.access.ExceptionTranslationFilter@c951f94, org.springframework.security.web.access.intercept.FilterSecurityInterceptor@55086e8d]
2019-11-06 09:23:42.011  INFO 20032 --- [    Test worker] o.s.s.concurrent.ThreadPoolTaskExecutor  : Initializing ExecutorService 'applicationTaskExecutor'
2019-11-06 09:23:42.104  WARN 20032 --- [    Test worker] aWebConfiguration$JpaWebMvcConfiguration : spring.jpa.open-in-view is enabled by default. Therefore, database queries may be performed during view rendering. Explicitly configure spring.jpa.open-in-view to disable this warning
2019-11-06 09:23:43.388  INFO 20032 --- [    Test worker] o.s.b.a.e.web.EndpointLinksResolver      : Exposing 2 endpoint(s) beneath base path '/actuator'
2019-11-06 09:23:43.604  INFO 20032 --- [    Test worker] o.s.b.t.m.w.SpringBootMockServletContext : Initializing Spring TestDispatcherServlet ''
2019-11-06 09:23:43.604  INFO 20032 --- [    Test worker] o.s.t.web.servlet.TestDispatcherServlet  : Initializing Servlet ''
2019-11-06 09:23:43.631  INFO 20032 --- [    Test worker] o.s.t.web.servlet.TestDispatcherServlet  : Completed initialization in 27 ms
2019-11-06 09:23:43.729  INFO 20032 --- [    Test worker] teaching.ApplicationTests                : Started ApplicationTests in 9.402 seconds (JVM running for 11.388)
]]></system-out>
  <system-err><![CDATA[]]></system-err>
</testsuite>
