<?xml version="1.0" encoding="UTF-8"?>
<testsuite name="learning.ApplicationTests" tests="3" skipped="0" failures="0" errors="0" timestamp="2019-10-01T20:51:58" hostname="LAPTOP-4477TTTQ" time="0.762">
  <properties/>
  <testcase name="accessUnsecuredResourceThenOk" classname="learning.ApplicationTests" time="0.562"/>
  <testcase name="loginWithInvalidUserThenUnauthenticated" classname="learning.ApplicationTests" time="0.136"/>
  <testcase name="loginWithValidUserThenAuthenticated" classname="learning.ApplicationTests" time="0.063"/>
  <system-out><![CDATA[16:51:55.744 [Test worker] DEBUG org.springframework.test.context.junit4.SpringJUnit4ClassRunner - SpringJUnit4ClassRunner constructor called with [class learning.ApplicationTests]
16:51:55.751 [Test worker] DEBUG org.springframework.test.context.BootstrapUtils - Instantiating CacheAwareContextLoaderDelegate from class [org.springframework.test.context.cache.DefaultCacheAwareContextLoaderDelegate]
16:51:55.757 [Test worker] DEBUG org.springframework.test.context.BootstrapUtils - Instantiating BootstrapContext using constructor [public org.springframework.test.context.support.DefaultBootstrapContext(java.lang.Class,org.springframework.test.context.CacheAwareContextLoaderDelegate)]
16:51:55.772 [Test worker] DEBUG org.springframework.test.context.BootstrapUtils - Instantiating TestContextBootstrapper for test class [learning.ApplicationTests] from class [org.springframework.boot.test.context.SpringBootTestContextBootstrapper]
16:51:55.780 [Test worker] INFO org.springframework.boot.test.context.SpringBootTestContextBootstrapper - Neither @ContextConfiguration nor @ContextHierarchy found for test class [learning.ApplicationTests], using SpringBootContextLoader
16:51:55.782 [Test worker] DEBUG org.springframework.test.context.support.AbstractContextLoader - Did not detect default resource location for test class [learning.ApplicationTests]: class path resource [learning/ApplicationTests-context.xml] does not exist
16:51:55.783 [Test worker] DEBUG org.springframework.test.context.support.AbstractContextLoader - Did not detect default resource location for test class [learning.ApplicationTests]: class path resource [learning/ApplicationTestsContext.groovy] does not exist
16:51:55.783 [Test worker] INFO org.springframework.test.context.support.AbstractContextLoader - Could not detect default resource locations for test class [learning.ApplicationTests]: no resource found for suffixes {-context.xml, Context.groovy}.
16:51:55.783 [Test worker] INFO org.springframework.test.context.support.AnnotationConfigContextLoaderUtils - Could not detect default configuration classes for test class [learning.ApplicationTests]: ApplicationTests does not declare any static, non-private, non-final, nested classes annotated with @Configuration.
16:51:55.827 [Test worker] DEBUG org.springframework.test.context.support.ActiveProfilesUtils - Could not find an 'annotation declaring class' for annotation type [org.springframework.test.context.ActiveProfiles] and class [learning.ApplicationTests]
16:51:55.872 [Test worker] DEBUG org.springframework.context.annotation.ClassPathScanningCandidateComponentProvider - Identified candidate component class: file [C:\Users\Anthony\Desktop\teaching-app\build\classes\java\main\learning\Application.class]
16:51:55.877 [Test worker] INFO org.springframework.boot.test.context.SpringBootTestContextBootstrapper - Found @SpringBootConfiguration learning.Application for test class learning.ApplicationTests
16:51:55.945 [Test worker] DEBUG org.springframework.boot.test.context.SpringBootTestContextBootstrapper - @TestExecutionListeners is not present for class [learning.ApplicationTests]: using defaults.
16:51:55.945 [Test worker] INFO org.springframework.boot.test.context.SpringBootTestContextBootstrapper - Loaded default TestExecutionListener class names from location [META-INF/spring.factories]: [org.springframework.security.test.context.support.WithSecurityContextTestExecutionListener, org.springframework.security.test.context.support.ReactorContextTestExecutionListener, org.springframework.boot.test.autoconfigure.restdocs.RestDocsTestExecutionListener, org.springframework.boot.test.autoconfigure.web.client.MockRestServiceServerResetTestExecutionListener, org.springframework.boot.test.autoconfigure.web.servlet.MockMvcPrintOnlyOnFailureTestExecutionListener, org.springframework.boot.test.autoconfigure.web.servlet.WebDriverTestExecutionListener, org.springframework.boot.test.mock.mockito.MockitoTestExecutionListener, org.springframework.boot.test.mock.mockito.ResetMocksTestExecutionListener, org.springframework.test.context.web.ServletTestExecutionListener, org.springframework.test.context.support.DirtiesContextBeforeModesTestExecutionListener, org.springframework.test.context.support.DependencyInjectionTestExecutionListener, org.springframework.test.context.support.DirtiesContextTestExecutionListener, org.springframework.test.context.transaction.TransactionalTestExecutionListener, org.springframework.test.context.jdbc.SqlScriptsTestExecutionListener]
16:51:55.957 [Test worker] DEBUG org.springframework.boot.test.context.SpringBootTestContextBootstrapper - Skipping candidate TestExecutionListener [org.springframework.test.context.transaction.TransactionalTestExecutionListener] due to a missing dependency. Specify custom listener classes or make the default listener classes and their required dependencies available. Offending class: [org/springframework/transaction/interceptor/TransactionAttributeSource]
16:51:55.957 [Test worker] DEBUG org.springframework.boot.test.context.SpringBootTestContextBootstrapper - Skipping candidate TestExecutionListener [org.springframework.test.context.jdbc.SqlScriptsTestExecutionListener] due to a missing dependency. Specify custom listener classes or make the default listener classes and their required dependencies available. Offending class: [org/springframework/transaction/interceptor/TransactionAttribute]
16:51:55.957 [Test worker] INFO org.springframework.boot.test.context.SpringBootTestContextBootstrapper - Using TestExecutionListeners: [org.springframework.test.context.web.ServletTestExecutionListener@40329f20, org.springframework.test.context.support.DirtiesContextBeforeModesTestExecutionListener@33e2ac7, org.springframework.boot.test.mock.mockito.MockitoTestExecutionListener@57e01028, org.springframework.boot.test.autoconfigure.SpringBootDependencyInjectionTestExecutionListener@2632f1f6, org.springframework.test.context.support.DirtiesContextTestExecutionListener@722db18f, org.springframework.security.test.context.support.WithSecurityContextTestExecutionListener@37c51f, org.springframework.security.test.context.support.ReactorContextTestExecutionListener@5781f461, org.springframework.boot.test.autoconfigure.restdocs.RestDocsTestExecutionListener@660d1226, org.springframework.boot.test.autoconfigure.web.client.MockRestServiceServerResetTestExecutionListener@79b366a1, org.springframework.boot.test.autoconfigure.web.servlet.MockMvcPrintOnlyOnFailureTestExecutionListener@47125bb5, org.springframework.boot.test.autoconfigure.web.servlet.WebDriverTestExecutionListener@1fe88dca, org.springframework.boot.test.mock.mockito.ResetMocksTestExecutionListener@11fa2033]
16:51:55.959 [Test worker] DEBUG org.springframework.test.annotation.ProfileValueUtils - Retrieved @ProfileValueSourceConfiguration [null] for test class [learning.ApplicationTests]
16:51:55.960 [Test worker] DEBUG org.springframework.test.annotation.ProfileValueUtils - Retrieved ProfileValueSource type [class org.springframework.test.annotation.SystemProfileValueSource] for class [learning.ApplicationTests]
16:51:55.960 [Test worker] DEBUG org.springframework.test.annotation.ProfileValueUtils - Retrieved @ProfileValueSourceConfiguration [null] for test class [learning.ApplicationTests]
16:51:55.960 [Test worker] DEBUG org.springframework.test.annotation.ProfileValueUtils - Retrieved ProfileValueSource type [class org.springframework.test.annotation.SystemProfileValueSource] for class [learning.ApplicationTests]
16:51:55.964 [Test worker] DEBUG org.springframework.test.context.support.AbstractDirtiesContextTestExecutionListener - Before test class: context [DefaultTestContext@63ae489c testClass = ApplicationTests, testInstance = [null], testMethod = [null], testException = [null], mergedContextConfiguration = [WebMergedContextConfiguration@41e91f47 testClass = ApplicationTests, locations = '{}', classes = '{class learning.Application}', contextInitializerClasses = '[]', activeProfiles = '{}', propertySourceLocations = '{}', propertySourceProperties = '{org.springframework.boot.test.context.SpringBootTestContextBootstrapper=true}', contextCustomizers = set[org.springframework.boot.test.autoconfigure.properties.PropertyMappingContextCustomizer@e7e8512, org.springframework.boot.test.autoconfigure.web.servlet.WebDriverContextCustomizerFactory$Customizer@43d48f90, [ImportsContextCustomizer@3284b163 key = [org.springframework.boot.test.autoconfigure.web.servlet.MockMvcAutoConfiguration, org.springframework.boot.test.autoconfigure.web.servlet.MockMvcSecurityAutoConfiguration, org.springframework.boot.test.autoconfigure.web.servlet.MockMvcWebClientAutoConfiguration, org.springframework.boot.test.autoconfigure.web.servlet.MockMvcWebDriverAutoConfiguration]], org.springframework.boot.test.context.filter.ExcludeFilterContextCustomizer@37d508be, org.springframework.boot.test.json.DuplicateJsonObjectContextCustomizerFactory$DuplicateJsonObjectContextCustomizer@5e7dbc36, org.springframework.boot.test.mock.mockito.MockitoContextCustomizer@0, org.springframework.boot.test.web.client.TestRestTemplateContextCustomizer@5044cea3], resourceBasePath = 'src/main/webapp', contextLoader = 'org.springframework.boot.test.context.SpringBootContextLoader', parent = [null]], attributes = map['org.springframework.test.context.web.ServletTestExecutionListener.activateListener' -> true]], class annotated with @DirtiesContext [false] with mode [null].
16:51:55.965 [Test worker] DEBUG org.springframework.test.annotation.ProfileValueUtils - Retrieved @ProfileValueSourceConfiguration [null] for test class [learning.ApplicationTests]
16:51:55.965 [Test worker] DEBUG org.springframework.test.annotation.ProfileValueUtils - Retrieved ProfileValueSource type [class org.springframework.test.annotation.SystemProfileValueSource] for class [learning.ApplicationTests]
16:51:55.979 [Test worker] DEBUG org.springframework.test.context.support.TestPropertySourceUtils - Adding inlined properties to environment: {spring.jmx.enabled=false, org.springframework.boot.test.context.SpringBootTestContextBootstrapper=true, server.port=-1}

  .   ____          _            __ _ _
 /\\ / ___'_ __ _ _(_)_ __  __ _ \ \ \ \
( ( )\___ | '_ | '_| | '_ \/ _` | \ \ \ \
 \\/  ___)| |_)| | | | | || (_| |  ) ) ) )
  '  |____| .__|_| |_|_| |_\__, | / / / /
 =========|_|==============|___/=/_/_/_/
 :: Spring Boot ::        (v2.1.6.RELEASE)

2019-10-01 16:51:56.200  INFO 13620 --- [    Test worker] learning.ApplicationTests                : Starting ApplicationTests on LAPTOP-4477TTTQ with PID 13620 (started by Anthony in C:\Users\Anthony\Desktop\teaching-app)
2019-10-01 16:51:56.202  INFO 13620 --- [    Test worker] learning.ApplicationTests                : No active profile set, falling back to default profiles: default
2019-10-01 16:51:57.528  WARN 13620 --- [    Test worker] o.s.security.core.userdetails.User       : User.withDefaultPasswordEncoder() is considered unsafe for production and is only intended for sample applications.
2019-10-01 16:51:57.759  INFO 13620 --- [    Test worker] o.s.s.web.DefaultSecurityFilterChain     : Creating filter chain: any request, [org.springframework.security.web.context.request.async.WebAsyncManagerIntegrationFilter@62765319, org.springframework.security.web.context.SecurityContextPersistenceFilter@21fb1cb9, org.springframework.security.web.header.HeaderWriterFilter@545bdfe3, org.springframework.security.web.csrf.CsrfFilter@30164619, org.springframework.security.web.authentication.logout.LogoutFilter@61d3286, org.springframework.security.web.authentication.UsernamePasswordAuthenticationFilter@6c181f31, org.springframework.security.web.savedrequest.RequestCacheAwareFilter@125e5efc, org.springframework.security.web.servletapi.SecurityContextHolderAwareRequestFilter@47a67317, org.springframework.security.web.authentication.AnonymousAuthenticationFilter@5e5064a7, org.springframework.security.web.session.SessionManagementFilter@4eecaa80, org.springframework.security.web.access.ExceptionTranslationFilter@3bf9835b, org.springframework.security.web.access.intercept.FilterSecurityInterceptor@2bd9111f]
2019-10-01 16:51:58.190  INFO 13620 --- [    Test worker] o.s.s.concurrent.ThreadPoolTaskExecutor  : Initializing ExecutorService 'applicationTaskExecutor'
2019-10-01 16:51:58.826  INFO 13620 --- [    Test worker] o.s.b.a.e.web.EndpointLinksResolver      : Exposing 2 endpoint(s) beneath base path '/actuator'
2019-10-01 16:51:58.918  INFO 13620 --- [    Test worker] o.s.b.t.m.w.SpringBootMockServletContext : Initializing Spring TestDispatcherServlet ''
2019-10-01 16:51:58.919  INFO 13620 --- [    Test worker] o.s.t.web.servlet.TestDispatcherServlet  : Initializing Servlet ''
2019-10-01 16:51:58.929  INFO 13620 --- [    Test worker] o.s.t.web.servlet.TestDispatcherServlet  : Completed initialization in 10 ms
2019-10-01 16:51:58.977  INFO 13620 --- [    Test worker] learning.ApplicationTests                : Started ApplicationTests in 2.991 seconds (JVM running for 3.86)
]]></system-out>
  <system-err><![CDATA[]]></system-err>
</testsuite>
