<?xml version="1.0" encoding="UTF-8"?>
<testsuite name="teaching.ApplicationTests" tests="3" skipped="0" failures="0" errors="0" timestamp="2019-10-01T21:14:28" hostname="LAPTOP-4477TTTQ" time="0.688">
  <properties/>
  <testcase name="accessUnsecuredResourceThenOk" classname="teaching.ApplicationTests" time="0.487"/>
  <testcase name="loginWithInvalidUserThenUnauthenticated" classname="teaching.ApplicationTests" time="0.133"/>
  <testcase name="loginWithValidUserThenAuthenticated" classname="teaching.ApplicationTests" time="0.066"/>
  <system-out><![CDATA[17:14:25.404 [Test worker] DEBUG org.springframework.test.context.junit4.SpringJUnit4ClassRunner - SpringJUnit4ClassRunner constructor called with [class teaching.ApplicationTests]
17:14:25.412 [Test worker] DEBUG org.springframework.test.context.BootstrapUtils - Instantiating CacheAwareContextLoaderDelegate from class [org.springframework.test.context.cache.DefaultCacheAwareContextLoaderDelegate]
17:14:25.418 [Test worker] DEBUG org.springframework.test.context.BootstrapUtils - Instantiating BootstrapContext using constructor [public org.springframework.test.context.support.DefaultBootstrapContext(java.lang.Class,org.springframework.test.context.CacheAwareContextLoaderDelegate)]
17:14:25.433 [Test worker] DEBUG org.springframework.test.context.BootstrapUtils - Instantiating TestContextBootstrapper for test class [teaching.ApplicationTests] from class [org.springframework.boot.test.context.SpringBootTestContextBootstrapper]
17:14:25.441 [Test worker] INFO org.springframework.boot.test.context.SpringBootTestContextBootstrapper - Neither @ContextConfiguration nor @ContextHierarchy found for test class [teaching.ApplicationTests], using SpringBootContextLoader
17:14:25.443 [Test worker] DEBUG org.springframework.test.context.support.AbstractContextLoader - Did not detect default resource location for test class [teaching.ApplicationTests]: class path resource [teaching/ApplicationTests-context.xml] does not exist
17:14:25.444 [Test worker] DEBUG org.springframework.test.context.support.AbstractContextLoader - Did not detect default resource location for test class [teaching.ApplicationTests]: class path resource [teaching/ApplicationTestsContext.groovy] does not exist
17:14:25.444 [Test worker] INFO org.springframework.test.context.support.AbstractContextLoader - Could not detect default resource locations for test class [teaching.ApplicationTests]: no resource found for suffixes {-context.xml, Context.groovy}.
17:14:25.444 [Test worker] INFO org.springframework.test.context.support.AnnotationConfigContextLoaderUtils - Could not detect default configuration classes for test class [teaching.ApplicationTests]: ApplicationTests does not declare any static, non-private, non-final, nested classes annotated with @Configuration.
17:14:25.490 [Test worker] DEBUG org.springframework.test.context.support.ActiveProfilesUtils - Could not find an 'annotation declaring class' for annotation type [org.springframework.test.context.ActiveProfiles] and class [teaching.ApplicationTests]
17:14:25.536 [Test worker] DEBUG org.springframework.context.annotation.ClassPathScanningCandidateComponentProvider - Identified candidate component class: file [C:\Users\Anthony\Desktop\teaching-app\build\classes\java\main\teaching\Application.class]
17:14:25.541 [Test worker] INFO org.springframework.boot.test.context.SpringBootTestContextBootstrapper - Found @SpringBootConfiguration teaching.Application for test class teaching.ApplicationTests
17:14:25.603 [Test worker] DEBUG org.springframework.boot.test.context.SpringBootTestContextBootstrapper - @TestExecutionListeners is not present for class [teaching.ApplicationTests]: using defaults.
17:14:25.604 [Test worker] INFO org.springframework.boot.test.context.SpringBootTestContextBootstrapper - Loaded default TestExecutionListener class names from location [META-INF/spring.factories]: [org.springframework.security.test.context.support.WithSecurityContextTestExecutionListener, org.springframework.security.test.context.support.ReactorContextTestExecutionListener, org.springframework.boot.test.autoconfigure.restdocs.RestDocsTestExecutionListener, org.springframework.boot.test.autoconfigure.web.client.MockRestServiceServerResetTestExecutionListener, org.springframework.boot.test.autoconfigure.web.servlet.MockMvcPrintOnlyOnFailureTestExecutionListener, org.springframework.boot.test.autoconfigure.web.servlet.WebDriverTestExecutionListener, org.springframework.boot.test.mock.mockito.MockitoTestExecutionListener, org.springframework.boot.test.mock.mockito.ResetMocksTestExecutionListener, org.springframework.test.context.web.ServletTestExecutionListener, org.springframework.test.context.support.DirtiesContextBeforeModesTestExecutionListener, org.springframework.test.context.support.DependencyInjectionTestExecutionListener, org.springframework.test.context.support.DirtiesContextTestExecutionListener, org.springframework.test.context.transaction.TransactionalTestExecutionListener, org.springframework.test.context.jdbc.SqlScriptsTestExecutionListener]
17:14:25.614 [Test worker] DEBUG org.springframework.boot.test.context.SpringBootTestContextBootstrapper - Skipping candidate TestExecutionListener [org.springframework.test.context.transaction.TransactionalTestExecutionListener] due to a missing dependency. Specify custom listener classes or make the default listener classes and their required dependencies available. Offending class: [org/springframework/transaction/interceptor/TransactionAttributeSource]
17:14:25.614 [Test worker] DEBUG org.springframework.boot.test.context.SpringBootTestContextBootstrapper - Skipping candidate TestExecutionListener [org.springframework.test.context.jdbc.SqlScriptsTestExecutionListener] due to a missing dependency. Specify custom listener classes or make the default listener classes and their required dependencies available. Offending class: [org/springframework/transaction/interceptor/TransactionAttribute]
17:14:25.615 [Test worker] INFO org.springframework.boot.test.context.SpringBootTestContextBootstrapper - Using TestExecutionListeners: [org.springframework.test.context.web.ServletTestExecutionListener@3f0494a4, org.springframework.test.context.support.DirtiesContextBeforeModesTestExecutionListener@3860eb6, org.springframework.boot.test.mock.mockito.MockitoTestExecutionListener@38118447, org.springframework.boot.test.autoconfigure.SpringBootDependencyInjectionTestExecutionListener@169036f6, org.springframework.test.context.support.DirtiesContextTestExecutionListener@d2a2134, org.springframework.security.test.context.support.WithSecurityContextTestExecutionListener@3eea6d99, org.springframework.security.test.context.support.ReactorContextTestExecutionListener@a6de5bf, org.springframework.boot.test.autoconfigure.restdocs.RestDocsTestExecutionListener@1ddd5582, org.springframework.boot.test.autoconfigure.web.client.MockRestServiceServerResetTestExecutionListener@41a2f48c, org.springframework.boot.test.autoconfigure.web.servlet.MockMvcPrintOnlyOnFailureTestExecutionListener@2c49df84, org.springframework.boot.test.autoconfigure.web.servlet.WebDriverTestExecutionListener@49ec87af, org.springframework.boot.test.mock.mockito.ResetMocksTestExecutionListener@3e6aaa55]
17:14:25.617 [Test worker] DEBUG org.springframework.test.annotation.ProfileValueUtils - Retrieved @ProfileValueSourceConfiguration [null] for test class [teaching.ApplicationTests]
17:14:25.617 [Test worker] DEBUG org.springframework.test.annotation.ProfileValueUtils - Retrieved ProfileValueSource type [class org.springframework.test.annotation.SystemProfileValueSource] for class [teaching.ApplicationTests]
17:14:25.618 [Test worker] DEBUG org.springframework.test.annotation.ProfileValueUtils - Retrieved @ProfileValueSourceConfiguration [null] for test class [teaching.ApplicationTests]
17:14:25.618 [Test worker] DEBUG org.springframework.test.annotation.ProfileValueUtils - Retrieved ProfileValueSource type [class org.springframework.test.annotation.SystemProfileValueSource] for class [teaching.ApplicationTests]
17:14:25.622 [Test worker] DEBUG org.springframework.test.context.support.AbstractDirtiesContextTestExecutionListener - Before test class: context [DefaultTestContext@1f1a637b testClass = ApplicationTests, testInstance = [null], testMethod = [null], testException = [null], mergedContextConfiguration = [WebMergedContextConfiguration@28b77927 testClass = ApplicationTests, locations = '{}', classes = '{class teaching.Application}', contextInitializerClasses = '[]', activeProfiles = '{}', propertySourceLocations = '{}', propertySourceProperties = '{org.springframework.boot.test.context.SpringBootTestContextBootstrapper=true}', contextCustomizers = set[org.springframework.boot.test.autoconfigure.properties.PropertyMappingContextCustomizer@e7e8512, org.springframework.boot.test.autoconfigure.web.servlet.WebDriverContextCustomizerFactory$Customizer@d16fd18, [ImportsContextCustomizer@3dc50632 key = [org.springframework.boot.test.autoconfigure.web.servlet.MockMvcAutoConfiguration, org.springframework.boot.test.autoconfigure.web.servlet.MockMvcSecurityAutoConfiguration, org.springframework.boot.test.autoconfigure.web.servlet.MockMvcWebClientAutoConfiguration, org.springframework.boot.test.autoconfigure.web.servlet.MockMvcWebDriverAutoConfiguration]], org.springframework.boot.test.context.filter.ExcludeFilterContextCustomizer@363664a2, org.springframework.boot.test.json.DuplicateJsonObjectContextCustomizerFactory$DuplicateJsonObjectContextCustomizer@688cd4db, org.springframework.boot.test.mock.mockito.MockitoContextCustomizer@0, org.springframework.boot.test.web.client.TestRestTemplateContextCustomizer@1a791bc7], resourceBasePath = 'src/main/webapp', contextLoader = 'org.springframework.boot.test.context.SpringBootContextLoader', parent = [null]], attributes = map['org.springframework.test.context.web.ServletTestExecutionListener.activateListener' -> true]], class annotated with @DirtiesContext [false] with mode [null].
17:14:25.622 [Test worker] DEBUG org.springframework.test.annotation.ProfileValueUtils - Retrieved @ProfileValueSourceConfiguration [null] for test class [teaching.ApplicationTests]
17:14:25.622 [Test worker] DEBUG org.springframework.test.annotation.ProfileValueUtils - Retrieved ProfileValueSource type [class org.springframework.test.annotation.SystemProfileValueSource] for class [teaching.ApplicationTests]
17:14:25.637 [Test worker] DEBUG org.springframework.test.context.support.TestPropertySourceUtils - Adding inlined properties to environment: {spring.jmx.enabled=false, org.springframework.boot.test.context.SpringBootTestContextBootstrapper=true, server.port=-1}

  .   ____          _            __ _ _
 /\\ / ___'_ __ _ _(_)_ __  __ _ \ \ \ \
( ( )\___ | '_ | '_| | '_ \/ _` | \ \ \ \
 \\/  ___)| |_)| | | | | || (_| |  ) ) ) )
  '  |____| .__|_| |_|_| |_\__, | / / / /
 =========|_|==============|___/=/_/_/_/
 :: Spring Boot ::        (v2.1.6.RELEASE)

2019-10-01 17:14:25.861  INFO 14088 --- [    Test worker] teaching.ApplicationTests                : Starting ApplicationTests on LAPTOP-4477TTTQ with PID 14088 (started by Anthony in C:\Users\Anthony\Desktop\teaching-app)
2019-10-01 17:14:25.862  INFO 14088 --- [    Test worker] teaching.ApplicationTests                : No active profile set, falling back to default profiles: default
2019-10-01 17:14:27.109  WARN 14088 --- [    Test worker] o.s.security.core.userdetails.User       : User.withDefaultPasswordEncoder() is considered unsafe for production and is only intended for sample applications.
2019-10-01 17:14:27.310  INFO 14088 --- [    Test worker] o.s.s.web.DefaultSecurityFilterChain     : Creating filter chain: any request, [org.springframework.security.web.context.request.async.WebAsyncManagerIntegrationFilter@1d5779ac, org.springframework.security.web.context.SecurityContextPersistenceFilter@478aa49c, org.springframework.security.web.header.HeaderWriterFilter@51b03da8, org.springframework.security.web.csrf.CsrfFilter@3aaa4625, org.springframework.security.web.authentication.logout.LogoutFilter@7d48b048, org.springframework.security.web.authentication.UsernamePasswordAuthenticationFilter@5b78c82e, org.springframework.security.web.savedrequest.RequestCacheAwareFilter@2310ee0c, org.springframework.security.web.servletapi.SecurityContextHolderAwareRequestFilter@11492ef9, org.springframework.security.web.authentication.AnonymousAuthenticationFilter@42fa1016, org.springframework.security.web.session.SessionManagementFilter@3e340e0d, org.springframework.security.web.access.ExceptionTranslationFilter@7d43a86b, org.springframework.security.web.access.intercept.FilterSecurityInterceptor@67ea96fd]
2019-10-01 17:14:27.683  INFO 14088 --- [    Test worker] o.s.s.concurrent.ThreadPoolTaskExecutor  : Initializing ExecutorService 'applicationTaskExecutor'
2019-10-01 17:14:28.269  INFO 14088 --- [    Test worker] o.s.b.a.e.web.EndpointLinksResolver      : Exposing 2 endpoint(s) beneath base path '/actuator'
2019-10-01 17:14:28.363  INFO 14088 --- [    Test worker] o.s.b.t.m.w.SpringBootMockServletContext : Initializing Spring TestDispatcherServlet ''
2019-10-01 17:14:28.364  INFO 14088 --- [    Test worker] o.s.t.web.servlet.TestDispatcherServlet  : Initializing Servlet ''
2019-10-01 17:14:28.374  INFO 14088 --- [    Test worker] o.s.t.web.servlet.TestDispatcherServlet  : Completed initialization in 10 ms
2019-10-01 17:14:28.416  INFO 14088 --- [    Test worker] teaching.ApplicationTests                : Started ApplicationTests in 2.772 seconds (JVM running for 3.675)
]]></system-out>
  <system-err><![CDATA[]]></system-err>
</testsuite>
