<?xml version="1.0" encoding="UTF-8"?>
<testsuite name="teaching.ApplicationTests" tests="3" skipped="0" failures="0" errors="0" timestamp="2019-10-01T22:23:16" hostname="LAPTOP-4477TTTQ" time="0.905">
  <properties/>
  <testcase name="accessUnsecuredResourceThenOk" classname="teaching.ApplicationTests" time="0.654"/>
  <testcase name="loginWithInvalidUserThenUnauthenticated" classname="teaching.ApplicationTests" time="0.177"/>
  <testcase name="loginWithValidUserThenAuthenticated" classname="teaching.ApplicationTests" time="0.072"/>
  <system-out><![CDATA[18:23:10.980 [Test worker] DEBUG org.springframework.test.context.junit4.SpringJUnit4ClassRunner - SpringJUnit4ClassRunner constructor called with [class teaching.ApplicationTests]
18:23:10.990 [Test worker] DEBUG org.springframework.test.context.BootstrapUtils - Instantiating CacheAwareContextLoaderDelegate from class [org.springframework.test.context.cache.DefaultCacheAwareContextLoaderDelegate]
18:23:10.998 [Test worker] DEBUG org.springframework.test.context.BootstrapUtils - Instantiating BootstrapContext using constructor [public org.springframework.test.context.support.DefaultBootstrapContext(java.lang.Class,org.springframework.test.context.CacheAwareContextLoaderDelegate)]
18:23:11.024 [Test worker] DEBUG org.springframework.test.context.BootstrapUtils - Instantiating TestContextBootstrapper for test class [teaching.ApplicationTests] from class [org.springframework.boot.test.context.SpringBootTestContextBootstrapper]
18:23:11.032 [Test worker] INFO org.springframework.boot.test.context.SpringBootTestContextBootstrapper - Neither @ContextConfiguration nor @ContextHierarchy found for test class [teaching.ApplicationTests], using SpringBootContextLoader
18:23:11.035 [Test worker] DEBUG org.springframework.test.context.support.AbstractContextLoader - Did not detect default resource location for test class [teaching.ApplicationTests]: class path resource [teaching/ApplicationTests-context.xml] does not exist
18:23:11.036 [Test worker] DEBUG org.springframework.test.context.support.AbstractContextLoader - Did not detect default resource location for test class [teaching.ApplicationTests]: class path resource [teaching/ApplicationTestsContext.groovy] does not exist
18:23:11.036 [Test worker] INFO org.springframework.test.context.support.AbstractContextLoader - Could not detect default resource locations for test class [teaching.ApplicationTests]: no resource found for suffixes {-context.xml, Context.groovy}.
18:23:11.036 [Test worker] INFO org.springframework.test.context.support.AnnotationConfigContextLoaderUtils - Could not detect default configuration classes for test class [teaching.ApplicationTests]: ApplicationTests does not declare any static, non-private, non-final, nested classes annotated with @Configuration.
18:23:11.107 [Test worker] DEBUG org.springframework.test.context.support.ActiveProfilesUtils - Could not find an 'annotation declaring class' for annotation type [org.springframework.test.context.ActiveProfiles] and class [teaching.ApplicationTests]
18:23:11.173 [Test worker] DEBUG org.springframework.context.annotation.ClassPathScanningCandidateComponentProvider - Identified candidate component class: file [C:\Users\Anthony\Desktop\teaching-app\build\classes\java\main\teaching\Application.class]
18:23:11.179 [Test worker] INFO org.springframework.boot.test.context.SpringBootTestContextBootstrapper - Found @SpringBootConfiguration teaching.Application for test class teaching.ApplicationTests
18:23:11.270 [Test worker] DEBUG org.springframework.boot.test.context.SpringBootTestContextBootstrapper - @TestExecutionListeners is not present for class [teaching.ApplicationTests]: using defaults.
18:23:11.272 [Test worker] INFO org.springframework.boot.test.context.SpringBootTestContextBootstrapper - Loaded default TestExecutionListener class names from location [META-INF/spring.factories]: [org.springframework.security.test.context.support.WithSecurityContextTestExecutionListener, org.springframework.security.test.context.support.ReactorContextTestExecutionListener, org.springframework.boot.test.autoconfigure.restdocs.RestDocsTestExecutionListener, org.springframework.boot.test.autoconfigure.web.client.MockRestServiceServerResetTestExecutionListener, org.springframework.boot.test.autoconfigure.web.servlet.MockMvcPrintOnlyOnFailureTestExecutionListener, org.springframework.boot.test.autoconfigure.web.servlet.WebDriverTestExecutionListener, org.springframework.boot.test.mock.mockito.MockitoTestExecutionListener, org.springframework.boot.test.mock.mockito.ResetMocksTestExecutionListener, org.springframework.test.context.web.ServletTestExecutionListener, org.springframework.test.context.support.DirtiesContextBeforeModesTestExecutionListener, org.springframework.test.context.support.DependencyInjectionTestExecutionListener, org.springframework.test.context.support.DirtiesContextTestExecutionListener, org.springframework.test.context.transaction.TransactionalTestExecutionListener, org.springframework.test.context.jdbc.SqlScriptsTestExecutionListener]
18:23:11.297 [Test worker] DEBUG org.springframework.boot.test.context.SpringBootTestContextBootstrapper - Skipping candidate TestExecutionListener [org.springframework.test.context.transaction.TransactionalTestExecutionListener] due to a missing dependency. Specify custom listener classes or make the default listener classes and their required dependencies available. Offending class: [org/springframework/transaction/interceptor/TransactionAttributeSource]
18:23:11.297 [Test worker] DEBUG org.springframework.boot.test.context.SpringBootTestContextBootstrapper - Skipping candidate TestExecutionListener [org.springframework.test.context.jdbc.SqlScriptsTestExecutionListener] due to a missing dependency. Specify custom listener classes or make the default listener classes and their required dependencies available. Offending class: [org/springframework/transaction/interceptor/TransactionAttribute]
18:23:11.297 [Test worker] INFO org.springframework.boot.test.context.SpringBootTestContextBootstrapper - Using TestExecutionListeners: [org.springframework.test.context.web.ServletTestExecutionListener@7d3bae58, org.springframework.test.context.support.DirtiesContextBeforeModesTestExecutionListener@1950f27c, org.springframework.boot.test.mock.mockito.MockitoTestExecutionListener@c770ff6, org.springframework.boot.test.autoconfigure.SpringBootDependencyInjectionTestExecutionListener@34fe8570, org.springframework.test.context.support.DirtiesContextTestExecutionListener@1417a4d9, org.springframework.security.test.context.support.WithSecurityContextTestExecutionListener@a4a6735, org.springframework.security.test.context.support.ReactorContextTestExecutionListener@3ef6d135, org.springframework.boot.test.autoconfigure.restdocs.RestDocsTestExecutionListener@7ee3169e, org.springframework.boot.test.autoconfigure.web.client.MockRestServiceServerResetTestExecutionListener@57fb44f7, org.springframework.boot.test.autoconfigure.web.servlet.MockMvcPrintOnlyOnFailureTestExecutionListener@ed1f2f2, org.springframework.boot.test.autoconfigure.web.servlet.WebDriverTestExecutionListener@6a6f564, org.springframework.boot.test.mock.mockito.ResetMocksTestExecutionListener@609744c8]
18:23:11.301 [Test worker] DEBUG org.springframework.test.annotation.ProfileValueUtils - Retrieved @ProfileValueSourceConfiguration [null] for test class [teaching.ApplicationTests]
18:23:11.301 [Test worker] DEBUG org.springframework.test.annotation.ProfileValueUtils - Retrieved ProfileValueSource type [class org.springframework.test.annotation.SystemProfileValueSource] for class [teaching.ApplicationTests]
18:23:11.302 [Test worker] DEBUG org.springframework.test.annotation.ProfileValueUtils - Retrieved @ProfileValueSourceConfiguration [null] for test class [teaching.ApplicationTests]
18:23:11.302 [Test worker] DEBUG org.springframework.test.annotation.ProfileValueUtils - Retrieved ProfileValueSource type [class org.springframework.test.annotation.SystemProfileValueSource] for class [teaching.ApplicationTests]
18:23:11.307 [Test worker] DEBUG org.springframework.test.context.support.AbstractDirtiesContextTestExecutionListener - Before test class: context [DefaultTestContext@7ee3f6c0 testClass = ApplicationTests, testInstance = [null], testMethod = [null], testException = [null], mergedContextConfiguration = [WebMergedContextConfiguration@2bcd56b9 testClass = ApplicationTests, locations = '{}', classes = '{class teaching.Application}', contextInitializerClasses = '[]', activeProfiles = '{}', propertySourceLocations = '{}', propertySourceProperties = '{org.springframework.boot.test.context.SpringBootTestContextBootstrapper=true}', contextCustomizers = set[org.springframework.boot.test.autoconfigure.properties.PropertyMappingContextCustomizer@e7e8512, org.springframework.boot.test.autoconfigure.web.servlet.WebDriverContextCustomizerFactory$Customizer@76b7f00b, [ImportsContextCustomizer@696e8de3 key = [org.springframework.boot.test.autoconfigure.web.servlet.MockMvcAutoConfiguration, org.springframework.boot.test.autoconfigure.web.servlet.MockMvcSecurityAutoConfiguration, org.springframework.boot.test.autoconfigure.web.servlet.MockMvcWebClientAutoConfiguration, org.springframework.boot.test.autoconfigure.web.servlet.MockMvcWebDriverAutoConfiguration]], org.springframework.boot.test.context.filter.ExcludeFilterContextCustomizer@761bc64, org.springframework.boot.test.json.DuplicateJsonObjectContextCustomizerFactory$DuplicateJsonObjectContextCustomizer@7e5299f9, org.springframework.boot.test.mock.mockito.MockitoContextCustomizer@0, org.springframework.boot.test.web.client.TestRestTemplateContextCustomizer@28cac2ab], resourceBasePath = 'src/main/webapp', contextLoader = 'org.springframework.boot.test.context.SpringBootContextLoader', parent = [null]], attributes = map['org.springframework.test.context.web.ServletTestExecutionListener.activateListener' -> true]], class annotated with @DirtiesContext [false] with mode [null].
18:23:11.308 [Test worker] DEBUG org.springframework.test.annotation.ProfileValueUtils - Retrieved @ProfileValueSourceConfiguration [null] for test class [teaching.ApplicationTests]
18:23:11.308 [Test worker] DEBUG org.springframework.test.annotation.ProfileValueUtils - Retrieved ProfileValueSource type [class org.springframework.test.annotation.SystemProfileValueSource] for class [teaching.ApplicationTests]
18:23:11.327 [Test worker] DEBUG org.springframework.test.context.support.TestPropertySourceUtils - Adding inlined properties to environment: {spring.jmx.enabled=false, org.springframework.boot.test.context.SpringBootTestContextBootstrapper=true, server.port=-1}

  .   ____          _            __ _ _
 /\\ / ___'_ __ _ _(_)_ __  __ _ \ \ \ \
( ( )\___ | '_ | '_| | '_ \/ _` | \ \ \ \
 \\/  ___)| |_)| | | | | || (_| |  ) ) ) )
  '  |____| .__|_| |_|_| |_\__, | / / / /
 =========|_|==============|___/=/_/_/_/
 :: Spring Boot ::        (v2.1.6.RELEASE)

2019-10-01 18:23:11.714  INFO 17124 --- [    Test worker] teaching.ApplicationTests                : Starting ApplicationTests on LAPTOP-4477TTTQ with PID 17124 (started by Anthony in C:\Users\Anthony\Desktop\teaching-app)
2019-10-01 18:23:11.716  INFO 17124 --- [    Test worker] teaching.ApplicationTests                : No active profile set, falling back to default profiles: default
2019-10-01 18:23:13.952  WARN 17124 --- [    Test worker] o.s.security.core.userdetails.User       : User.withDefaultPasswordEncoder() is considered unsafe for production and is only intended for sample applications.
2019-10-01 18:23:14.199  INFO 17124 --- [    Test worker] o.s.s.web.DefaultSecurityFilterChain     : Creating filter chain: any request, [org.springframework.security.web.context.request.async.WebAsyncManagerIntegrationFilter@37550d02, org.springframework.security.web.context.SecurityContextPersistenceFilter@6441b2c7, org.springframework.security.web.header.HeaderWriterFilter@29a1d2d2, org.springframework.security.web.csrf.CsrfFilter@10b5ea3d, org.springframework.security.web.authentication.logout.LogoutFilter@44bbcea0, org.springframework.security.web.authentication.UsernamePasswordAuthenticationFilter@7b991fed, org.springframework.security.web.savedrequest.RequestCacheAwareFilter@462b6d3f, org.springframework.security.web.servletapi.SecurityContextHolderAwareRequestFilter@29488aca, org.springframework.security.web.authentication.AnonymousAuthenticationFilter@43308829, org.springframework.security.web.session.SessionManagementFilter@27b0a375, org.springframework.security.web.access.ExceptionTranslationFilter@66f7a762, org.springframework.security.web.access.intercept.FilterSecurityInterceptor@3c862130]
2019-10-01 18:23:14.794  INFO 17124 --- [    Test worker] o.s.s.concurrent.ThreadPoolTaskExecutor  : Initializing ExecutorService 'applicationTaskExecutor'
2019-10-01 18:23:15.826  INFO 17124 --- [    Test worker] o.s.b.a.e.web.EndpointLinksResolver      : Exposing 2 endpoint(s) beneath base path '/actuator'
2019-10-01 18:23:15.989  INFO 17124 --- [    Test worker] o.s.b.t.m.w.SpringBootMockServletContext : Initializing Spring TestDispatcherServlet ''
2019-10-01 18:23:15.990  INFO 17124 --- [    Test worker] o.s.t.web.servlet.TestDispatcherServlet  : Initializing Servlet ''
2019-10-01 18:23:16.014  INFO 17124 --- [    Test worker] o.s.t.web.servlet.TestDispatcherServlet  : Completed initialization in 24 ms
2019-10-01 18:23:16.087  INFO 17124 --- [    Test worker] teaching.ApplicationTests                : Started ApplicationTests in 4.751 seconds (JVM running for 5.926)
]]></system-out>
  <system-err><![CDATA[]]></system-err>
</testsuite>
